0 info it worked if it ends with ok
1 verbose cli [ 'C:\\Program Files\\nodejs\\node.exe',
1 verbose cli   'C:\\Users\\Gideon\\AppData\\Roaming\\npm\\node_modules\\npm\\bin\\npm-cli.js',
1 verbose cli   'start' ]
2 info using npm@4.0.2
3 info using node@v7.2.0
4 verbose run-script [ 'prestart', 'start', 'poststart' ]
5 info lifecycle sprint2@1.0.0~prestart: sprint2@1.0.0
6 silly lifecycle sprint2@1.0.0~prestart: no script for prestart, continuing
7 info lifecycle sprint2@1.0.0~start: sprint2@1.0.0
8 verbose lifecycle sprint2@1.0.0~start: unsafe-perm in lifecycle true
9 verbose lifecycle sprint2@1.0.0~start: PATH: C:\Users\Gideon\AppData\Roaming\npm\node_modules\npm\bin\node-gyp-bin;C:\dev\sprint2\node_modules\.bin;C:\Program Files\ImageMagick-6.9.3-Q16;C:\Program Files (x86)\Intel\iCLS Client\;C:\Program Files\Intel\iCLS Client\;C:\ProgramData\Oracle\Java\javapath;C:\Program Files\Common Files\Microsoft Shared\Windows Live;C:\Program Files (x86)\Common Files\Microsoft Shared\Windows Live;C:\WINDOWS\system32;C:\WINDOWS;C:\WINDOWS\System32\Wbem;C:\WINDOWS\System32\WindowsPowerShell\v1.0\;C:\Program Files (x86)\Windows Live\Shared;C:\Program Files (x86)\Microsoft SQL Server\100\Tools\Binn\;C:\Program Files\Microsoft SQL Server\100\Tools\Binn\;C:\Program Files\Microsoft SQL Server\100\DTS\Binn\;C:\Program Files\Microsoft\Web Platform Installer\;C:\Program Files\Intel\Intel(R) Management Engine Components\DAL;C:\Program Files\Intel\Intel(R) Management Engine Components\IPT;C:\Program Files (x86)\Intel\Intel(R) Management Engine Components\DAL;C:\Program Files (x86)\Intel\Intel(R) Management Engine Components\IPT;C:\Program Files (x86)\Intel\OpenCL SDK\2.0\bin\x86;C:\Program Files (x86)\Intel\OpenCL SDK\2.0\bin\x64;C:\Program Files\Intel\WiFi\bin\;C:\Program Files\Common Files\Intel\WirelessCommon\;C:\Program Files (x86)\QuickTime\QTSystem\;C:\Program Files (x86)\Skype\Phone\;C:\Program Files (x86)\Heroku\bin;C:\Program Files (x86)\git\cmd;C:\Program Files\nodejs\;C:\RailsInstaller\Git\cmd;C:\RailsInstaller\Ruby2.1.0\bin;C:\Program Files\Java\jdk1.7.0\bin;C:\ant\apache-ant-1.8.4-bin\apache-ant-1.8.4\\bin;C;C:\Python27;C:\Python27\Scripts;D:\sqlite;D:\maven\apache-maven-3.1.1\bin;C:\Program Files\Intel\WiFi\bin\;C:\Program Files\Common Files\Intel\WirelessCommon\;C:\Program Files (x86)\Microsoft VS Code\bin;C:\Users\Gideon\AppData\Local\Microsoft\WindowsApps;C:\Users\Gideon\AppData\Roaming\npm
10 verbose lifecycle sprint2@1.0.0~start: CWD: C:\dev\sprint2
11 silly lifecycle sprint2@1.0.0~start: Args: [ '/d /s /c', 'npm-run-all --parallel browser styles' ]
12 silly lifecycle sprint2@1.0.0~start: Returned: code: 1  signal: null
13 info lifecycle sprint2@1.0.0~start: Failed to exec start script
14 verbose stack Error: sprint2@1.0.0 start: `npm-run-all --parallel browser styles`
14 verbose stack Exit status 1
14 verbose stack     at EventEmitter.<anonymous> (C:\Users\Gideon\AppData\Roaming\npm\node_modules\npm\lib\utils\lifecycle.js:279:16)
14 verbose stack     at emitTwo (events.js:106:13)
14 verbose stack     at EventEmitter.emit (events.js:191:7)
14 verbose stack     at ChildProcess.<anonymous> (C:\Users\Gideon\AppData\Roaming\npm\node_modules\npm\lib\utils\spawn.js:40:14)
14 verbose stack     at emitTwo (events.js:106:13)
14 verbose stack     at ChildProcess.emit (events.js:191:7)
14 verbose stack     at maybeClose (internal/child_process.js:885:16)
14 verbose stack     at Process.ChildProcess._handle.onexit (internal/child_process.js:226:5)
15 verbose pkgid sprint2@1.0.0
16 verbose cwd C:\dev\sprint2
17 error Windows_NT 10.0.14393
18 error argv "C:\\Program Files\\nodejs\\node.exe" "C:\\Users\\Gideon\\AppData\\Roaming\\npm\\node_modules\\npm\\bin\\npm-cli.js" "start"
19 error node v7.2.0
20 error npm  v4.0.2
21 error code ELIFECYCLE
22 error sprint2@1.0.0 start: `npm-run-all --parallel browser styles`
22 error Exit status 1
23 error Failed at the sprint2@1.0.0 start script 'npm-run-all --parallel browser styles'.
23 error Make sure you have the latest version of node.js and npm installed.
23 error If you do, this is most likely a problem with the sprint2 package,
23 error not with npm itself.
23 error Tell the author that this fails on your system:
23 error     npm-run-all --parallel browser styles
23 error You can get information on how to open an issue for this project with:
23 error     npm bugs sprint2
23 error Or if that isn't available, you can get their info via:
23 error     npm owner ls sprint2
23 error There is likely additional logging output above.
24 verbose exit [ 1, true ]
